df93d3e2-2844-4612-86b6-613295fb9bd4:1750395509697:8:S:Select * from Accounts\n;
af6fcdfd-bd01-4d9e-9c15-4875ce3f499e:1750395529393:6:S:INSERT INTO Accounts (AccountID, CustomerID, AccountType, Balance, LastModified)\nVALUES (1, 1, 'Savings', 1000, SYSDATE);
b9aabc73-8a59-4639-871f-d94c096fa390:1750395529526:3:S:INSERT INTO Accounts (AccountID, CustomerID, AccountType, Balance, LastModified)\nVALUES (2, 2, 'Checking', 1500, SYSDATE);
1ede027a-c282-4300-a9f7-cd1715c5a415:1750395529639:2:S:INSERT INTO Accounts (AccountID, CustomerID, AccountType, Balance, LastModified)\nVALUES (3, 3, 'Savings', 2000, SYSDATE);
531a7412-04b5-4676-aa70-cb338ce90bc7:1750395529752:3:S:INSERT INTO Accounts (AccountID, CustomerID, AccountType, Balance, LastModified)\nVALUES (4, 4, 'Checking', 2500, SYSDATE);
1ab285e9-5845-4e40-9c89-bde6a11dd43b:1750395529871:3:S:INSERT INTO Accounts (AccountID, CustomerID, AccountType, Balance, LastModified)\nVALUES (5, 5, 'Savings', 3000, SYSDATE);
6dd1dd94-c2bd-4c67-bee3-b4c5525416b2:1750395529981:3:S:INSERT INTO Accounts (AccountID, CustomerID, AccountType, Balance, LastModified)\nVALUES (6, 6, 'Checking', 3500, SYSDATE);
48b185fb-a79f-457a-a08f-8112b1969fcb:1750395530088:3:S:INSERT INTO Accounts (AccountID, CustomerID, AccountType, Balance, LastModified)\nVALUES (7, 7, 'Savings', 4000, SYSDATE);
7bc11467-f94c-49ce-b5d6-d125628ac80a:1750395530195:4:S:INSERT INTO Accounts (AccountID, CustomerID, AccountType, Balance, LastModified)\nVALUES (8, 8, 'Checking', 4500, SYSDATE);
59bdfc7f-c47f-4321-b1b1-73816659ec75:1750395530293:3:S:INSERT INTO Accounts (AccountID, CustomerID, AccountType, Balance, LastModified)\nVALUES (9, 9, 'Savings', 5000, SYSDATE);
0a2302b6-caa9-407f-976d-d7cd779ce73c:1750395530379:3:S:INSERT INTO Accounts (AccountID, CustomerID, AccountType, Balance, LastModified)\nVALUES (10, 10, 'Checking', 5500, SYSDATE);
40f13114-f4d0-4d30-adb9-b5df62b2491e:1750395543234:9:S:select * from Accounts\n;
ab349ceb-b312-46aa-86cc-d0214552c25e:1750395559634:3:S:INSERT INTO Transactions (TransactionID, AccountID, TransactionDate, Amount, TransactionType)\nVALUES (1, 1, SYSDATE, 200, 'Deposit');
e240674f-122c-40c2-b478-dd9434330a30:1750395559728:3:S:INSERT INTO Transactions (TransactionID, AccountID, TransactionDate, Amount, TransactionType)\nVALUES (2, 2, SYSDATE, 300, 'Withdrawal');
e1bb813a-7671-41cc-b0e9-9ecb48004e0f:1750395559816:3:S:INSERT INTO Transactions (TransactionID, AccountID, TransactionDate, Amount, TransactionType)\nVALUES (3, 3, SYSDATE, 150, 'Deposit');
59ea1d41-b43d-4d0a-a2b8-fa8af77ac909:1750395559902:6:S:INSERT INTO Transactions (TransactionID, AccountID, TransactionDate, Amount, TransactionType)\nVALUES (4, 4, SYSDATE, 400, 'Withdrawal');
e230211f-e004-45ff-bb2d-eeb1ad13ebd0:1750395560016:3:S:INSERT INTO Transactions (TransactionID, AccountID, TransactionDate, Amount, TransactionType)\nVALUES (5, 5, SYSDATE, 500, 'Deposit');
5782c8f4-88b8-4802-8e80-4c4d98f12157:1750395560110:3:S:INSERT INTO Transactions (TransactionID, AccountID, TransactionDate, Amount, TransactionType)\nVALUES (6, 6, SYSDATE, 600, 'Withdrawal');
9aacc8ff-1c23-453e-98e9-1e2be9dc87c5:1750395560206:3:S:INSERT INTO Transactions (TransactionID, AccountID, TransactionDate, Amount, TransactionType)\nVALUES (7, 7, SYSDATE, 700, 'Deposit');
b5cafb45-1556-4251-b021-27c5e26cad8a:1750395560317:3:S:INSERT INTO Transactions (TransactionID, AccountID, TransactionDate, Amount, TransactionType)\nVALUES (8, 8, SYSDATE, 800, 'Withdrawal');
973d681b-faa9-4890-b9d7-402a75729338:1750395560413:4:S:INSERT INTO Transactions (TransactionID, AccountID, TransactionDate, Amount, TransactionType)\nVALUES (9, 9, SYSDATE, 900, 'Deposit');
c2f2b145-8bd2-4cc5-a81a-594771b2fe2b:1750395560523:2:S:INSERT INTO Transactions (TransactionID, AccountID, TransactionDate, Amount, TransactionType)\nVALUES (10, 10, SYSDATE, 1000, 'Withdrawal');
03fe1dbe-9832-4e99-b1b0-5fa3abb152b7:1750395576714:4:S:INSERT INTO Loans (LoanID, CustomerID, LoanAmount, InterestRate, StartDate, EndDate)\nVALUES (1, 1, 5000, 5, SYSDATE, ADD_MONTHS(SYSDATE, 60));
89685f19-2528-4552-ac89-304f793693c4:1750395576815:2:S:INSERT INTO Loans (LoanID, CustomerID, LoanAmount, InterestRate, StartDate, EndDate)\nVALUES (2, 2, 10000, 4.5, SYSDATE, ADD_MONTHS(SYSDATE, 60));
402f6b30-bb00-4647-813f-55f72659d2d5:1750395576910:2:S:INSERT INTO Loans (LoanID, CustomerID, LoanAmount, InterestRate, StartDate, EndDate)\nVALUES (3, 3, 15000, 6, SYSDATE, ADD_MONTHS(SYSDATE, 60));
562ca3d2-7f70-4878-b2dd-cd8206abb357:1750395577014:2:S:INSERT INTO Loans (LoanID, CustomerID, LoanAmount, InterestRate, StartDate, EndDate)\nVALUES (4, 4, 20000, 5.5, SYSDATE, ADD_MONTHS(SYSDATE, 60));
38501a5c-b380-4759-ba6b-723e7bef1bbf:1750395577118:3:S:INSERT INTO Loans (LoanID, CustomerID, LoanAmount, InterestRate, StartDate, EndDate)\nVALUES (5, 5, 25000, 4.8, SYSDATE, ADD_MONTHS(SYSDATE, 60));
085d14dd-6aa2-4479-9f69-b14b47703191:1750395577211:2:S:INSERT INTO Loans (LoanID, CustomerID, LoanAmount, InterestRate, StartDate, EndDate)\nVALUES (6, 6, 30000, 5.2, SYSDATE, ADD_MONTHS(SYSDATE, 60));
0b15ddbc-d1c8-4cbb-84cc-a863c2af4811:1750395577301:2:S:INSERT INTO Loans (LoanID, CustomerID, LoanAmount, InterestRate, StartDate, EndDate)\nVALUES (7, 7, 35000, 4.9, SYSDATE, ADD_MONTHS(SYSDATE, 60));
4d6f6981-ff11-4795-8dee-2197d8976a5f:1750395577389:2:S:INSERT INTO Loans (LoanID, CustomerID, LoanAmount, InterestRate, StartDate, EndDate)\nVALUES (8, 8, 40000, 5.1, SYSDATE, ADD_MONTHS(SYSDATE, 60));
672f9bd5-29a4-4502-8f82-76aeba746a35:1750395577477:2:S:INSERT INTO Loans (LoanID, CustomerID, LoanAmount, InterestRate, StartDate, EndDate)\nVALUES (9, 9, 45000, 4.7, SYSDATE, ADD_MONTHS(SYSDATE, 60));
3f49f57c-87e4-42b7-9b2b-f8cd289fe7fe:1750395577569:2:S:INSERT INTO Loans (LoanID, CustomerID, LoanAmount, InterestRate, StartDate, EndDate)\nVALUES (10, 10, 50000, 5.3, SYSDATE, ADD_MONTHS(SYSDATE, 60));
a59ae1af-7742-4640-9402-4940e24beb4a:1750395586333:4:S:INSERT INTO Employees (EmployeeID, Name, Position, Salary, Department, HireDate)\nVALUES (1, 'Alice Johnson', 'Manager', 70000, 'HR', TO_DATE('2015-06-15', 'YYYY-MM-DD'));
80a9cad6-c6ba-4214-aa8b-5546ef7afff2:1750395586444:2:S:INSERT INTO Employees (EmployeeID, Name, Position, Salary, Department, HireDate)\nVALUES (2, 'Bob Brown', 'Developer', 60000, 'IT', TO_DATE('2017-03-20', 'YYYY-MM-DD'));
acadc573-7998-4b70-9d5f-9df6e444c604:1750395586551:2:S:INSERT INTO Employees (EmployeeID, Name, Position, Salary, Department, HireDate)\nVALUES (3, 'Charlie White', 'Analyst', 55000, 'Finance', TO_DATE('2018-01-10', 'YYYY-MM-DD'));
2561a7c6-b8de-48d6-b903-40136f6e4387:1750395586651:2:S:INSERT INTO Employees (EmployeeID, Name, Position, Salary, Department, HireDate)\nVALUES (4, 'David Green', 'Designer', 50000, 'Marketing', TO_DATE('2019-05-25', 'YYYY-MM-DD'));
45a2aa1d-bf04-4281-836e-95f1cc424a29:1750395586755:2:S:INSERT INTO Employees (EmployeeID, Name, Position, Salary, Department, HireDate)\nVALUES (5, 'Eve Black', 'Sales', 65000, 'Sales', TO_DATE('2020-02-15', 'YYYY-MM-DD'));
5eb9e529-cbe5-40b9-b039-ee76abc8667b:1750395586857:2:S:INSERT INTO Employees (EmployeeID, Name, Position, Salary, Department, HireDate)\nVALUES (6, 'Frank Blue', 'Support', 48000, 'Customer Service', TO_DATE('2021-04-30', 'YYYY-MM-DD'));
29c914aa-c6cf-4aae-bbd1-ebb73d296a9e:1750395586961:2:S:INSERT INTO Employees (EmployeeID, Name, Position, Salary, Department, HireDate)\nVALUES (7, 'Grace Yellow', 'HR Assistant', 40000, 'HR', TO_DATE('2022-07-05', 'YYYY-MM-DD'));
6c942cb4-4073-459b-9c12-5648595fb8a1:1750395587062:2:S:INSERT INTO Employees (EmployeeID, Name, Position, Salary, Department, HireDate)\nVALUES (8, 'Henry Purple', 'Marketing Specialist', 45000, 'Marketing', TO_DATE('2023-01-15', 'YYYY-MM-DD'));
51a6bf40-65cc-4f81-83d7-981b24c24383:1750395587156:2:S:INSERT INTO Employees (EmployeeID, Name, Position, Salary, Department, HireDate)\nVALUES (9, 'Ivy Red', 'IT Support', 42000, 'IT', TO_DATE('2023-03-10', 'YYYY-MM-DD'));
4d74e8d6-cc96-42d4-a649-09f2ac93385e:1750395587258:3:S:INSERT INTO Employees (EmployeeID, Name, Position, Salary, Department, HireDate)\nVALUES (10, 'Jack Orange', 'Finance Assistant', 43000, 'Finance', TO_DATE('2023-05-20', 'YYYY-MM-DD'));
59b51619-0fea-410b-824c-e4645e5d5dc5:1750396075329:11:S:SELECT Name, TRUNC(MONTHS_BETWEEN(SYSDATE, DOB) / 12) AS Age\n        FROM Customers\n        WHERE TRUNC(MONTHS_BETWEEN(SYSDATE, DOB) / 12) > 60;
08a03e7a-82a9-4d5f-8d48-7706ec1e7b72:1750396089604:17:S:SELECT Name, TRUNC(MONTHS_BETWEEN(SYSDATE, DOB) / 12) AS Age\n        FROM Customers\n        WHERE TRUNC(MONTHS_BETWEEN(SYSDATE, DOB) / 12) >30;
f8142a86-5bda-4d51-86ff-57ee5d640d95:1750398872675:7:S:UPDATE Customers\nSET DOB = ADD_MONTHS(SYSDATE, -12*65), LastModified = SYSDATE\nWHERE CustomerID IN (1, 7, 10);
1b9a0f1b-f572-478c-88f0-b2775d84fa31:1750398884272:14:S:SELECT Name, TRUNC(MONTHS_BETWEEN(SYSDATE, DOB) / 12) AS Age\n        FROM Customers\n        WHERE TRUNC(MONTHS_BETWEEN(SYSDATE, DOB) / 12) >30;
b027fc52-aa3c-43db-bf9d-4766987bb919:1750399287111:13:S:select * from loans\n;
2b46b310-6710-43aa-aa5e-832c5454103c:1750400353094:6:S:UPDATE Accounts\nSET Balance = Balance + 10000\nWHERE AccountID IN (3, 5, 9);
0c583049-d16b-4c2b-9bab-334c93d13ca4:1750400353287:4:S:UPDATE Customers\nSET Balance = Balance + 10000\nWHERE CustomerID IN (3, 5, 9);
c85f0b22-69c1-4331-ad39-d31071b4eeab:1750400369814:16:S:select * from customers \n;
38c6c0bf-ee7c-43c6-80fb-f100c6342621:1750400543030:12:S:select * from customers;
39dbb215-375b-4f86-bb2d-0bb06f7dd67e:1750400583671:10:S:select * from loans;
5d4e458b-fc58-4398-bdcb-fd120da2ce80:1750402340019:0:S:SET SERVEROUTPUT ON;
489c81af-96f0-4d39-9b21-0e993424b90e:1750402341066:7:S:DECLARE\n  v_name VARCHAR2(100);\nBEGIN\n  FOR rec IN (\n    SELECT l.LoanID, l.CustomerID, l.EndDate, c.Name\n    FROM Loans l\n    JOIN Customers c ON l.CustomerID = c.CustomerID\n    WHERE l.EndDate BETWEEN SYSDATE AND SYSDATE + 30\n  ) LOOP\n    DBMS_OUTPUT.PUT_LINE('Reminder: Loan ' || rec.LoanID || ' for customer ' || rec.Name || ' is due on ' || TO_CHAR(rec.EndDate, 'DD-MON-YYYY'));\n  END LOOP;\nEND;\n/
